[Priority recrawl] File nguồn: /Users/huongquadeo/Desktop/GraphQL Group/fb-group-crawler/data/phase2-recrawl-posts.csv
[Priority recrawl] Tổng 28007 post trong file, còn 26464 post cần crawl (giữ nguyên thứ tự ưu tiên đã sort theo shortage_comments)
[Priority recrawl] Nhịp làm việc: 30 phút chạy / 0 phút nghỉ
[Priority recrawl] Chia lane: 70 post >500 comment (concurrency 2), 26394 post <=500 comment (concurrency 6)
[Browser] Khởi động Chrome...
[Browser] Đã đăng nhập sẵn (dùng session.json)

[Priority recrawl] === Lane POST LỚN (concurrency 2) ===

[Phase 2] Crawl comment cho 70 posts...
[Phase 2] Comment concurrency: 2
  [1/70] [W1] Post 27221283137558307 (3022 comments expected)
  [2/70] [W2] Post 2429632417535578 (1734 comments expected)
    → Bỏ qua đổi filter All comments để tránh lỗi unavailable
    → Bỏ qua đổi filter All comments để tránh lỗi unavailable
    ↳ load step 1: articles 11->21, gql 0->10, buttons 0->0, height 1930->2670, clicked 0
    ↳ load step 1: articles 12->26, gql 1->15, buttons 0->0, height 2466->3815, clicked 2
    ↳ load step 2: articles 21->33, gql 10->22, buttons 0->0, height 2670->4091, clicked 1
    ↳ load step 2: articles 26->41, gql 15->30, buttons 0->0, height 3815->5217, clicked 2
    ↳ load step 3: articles 33->59, gql 22->48, buttons 0->0, height 4091->6345, clicked 1
    ↳ load step 3: articles 41->57, gql 30->46, buttons 0->0, height 5217->6746, clicked 2
    ↳ load step 4: articles 57->69, gql 46->58, buttons 0->0, height 6746->7882, clicked 1
    ↳ load step 4: articles 59->72, gql 48->61, buttons 0->0, height 6345->7508, clicked 2
    ↳ load step 5: articles 72->106, gql 61->95, buttons 0->0, height 7508->10283, clicked 2
    ↳ load step 6: articles 106->116, gql 95->105, buttons 0->0, height 10283->11059, clicked 0
    ↳ load step 5: articles 69->87, gql 58->76, buttons 0->0, height 7882->9616, clicked 3
    ↳ load step 7: articles 116->126, gql 105->115, buttons 0->0, height 11059->11868, clicked 0
    ↳ load step 8: articles 126->136, gql 115->125, buttons 0->0, height 11868->12725, clicked 0
    ↳ load step 6: articles 87->102, gql 76->91, buttons 0->0, height 9616->11071, clicked 2
    ↳ load step 9: articles 136->146, gql 125->135, buttons 0->0, height 12725->13768, clicked 0
    ↳ load step 7: articles 102->114, gql 91->103, buttons 0->0, height 11071->12168, clicked 1
    ↳ load step 8: articles 114->134, gql 103->123, buttons 0->0, height 12168->14029, clicked 0
    ↳ load step 10: articles 146->170, gql 135->159, buttons 0->0, height 13768->15817, clicked 2
    ↳ load step 9: articles 134->155, gql 123->144, buttons 0->42, height 14029->15944, clicked 1
    ↳ load step 11: articles 170->181, gql 159->170, buttons 0->0, height 15817->16700, clicked 1
    ↳ load step 10: articles 155->167, gql 144->156, buttons 42->0, height 15944->17068, clicked 1
    ↳ load step 12: articles 181->191, gql 170->180, buttons 0->0, height 16700->17441, clicked 0
    ↳ load step 11: articles 167->192, gql 156->181, buttons 0->0, height 17068->19484, clicked 1
    ↳ load step 12: articles 192->202, gql 181->191, buttons 0->0, height 19484->20424, clicked 0
    ↳ load step 13: articles 202->223, gql 191->212, buttons 0->42, height 20424->22432, clicked 1
    ↳ load step 14: articles 223->237, gql 212->226, buttons 42->0, height 22432->23808, clicked 2
    ↳ load step 13: articles 191->201, gql 180->190, buttons 0->0, height 17441->18273, clicked 1
    ↳ load step 15: articles 237->263, gql 226->252, buttons 0->0, height 23808->26362, clicked 2
    ↳ load step 14: articles 201->216, gql 190->205, buttons 0->0, height 18273->19605, clicked 3
    ↳ load step 16: articles 263->273, gql 252->262, buttons 0->0, height 26362->27323, clicked 0
    ↳ load step 15: articles 216->237, gql 205->226, buttons 0->0, height 19605->21336, clicked 1
    ↳ load step 17: articles 273->283, gql 262->272, buttons 0->0, height 27323->28243, clicked 0
    ↳ load step 18: articles 283->304, gql 272->293, buttons 0->0, height 28243->30223, clicked 1
    ↳ load step 16: articles 237->260, gql 226->249, buttons 0->0, height 21336->23360, clicked 1
    ↳ load step 17: articles 260->270, gql 249->259, buttons 0->0, height 23360->24189, clicked 0
    ↳ load step 19: articles 304->319, gql 293->308, buttons 0->0, height 30223->31730, clicked 3
    ↳ load step 20: articles 319->330, gql 308->319, buttons 0->0, height 31730->32752, clicked 1
    ↳ load step 18: articles 270->282, gql 259->271, buttons 0->0, height 24189->25250, clicked 1
    ↳ load step 19: articles 282->292, gql 271->281, buttons 0->0, height 25250->25990, clicked 0
    ↳ load step 21: articles 330->342, gql 319->331, buttons 0->0, height 32752->33949, clicked 1
    ↳ load step 20: articles 292->302, gql 281->291, buttons 0->0, height 25990->26839, clicked 0
    ↳ load step 22: articles 342->368, gql 331->357, buttons 0->0, height 33949->36498, clicked 1
    ↳ load step 21: articles 302->316, gql 291->305, buttons 0->0, height 26839->28088, clicked 3
    ↳ load step 22: articles 316->343, gql 305->332, buttons 0->0, height 28088->30504, clicked 3
    ↳ load step 23: articles 343->354, gql 332->343, buttons 0->0, height 30504->31367, clicked 1
    ↳ load step 23: articles 368->406, gql 357->395, buttons 0->0, height 36498->40361, clicked 1
    ↳ load step 24: articles 354->365, gql 343->354, buttons 0->0, height 31367->32386, clicked 1
    ↳ load step 24: articles 406->418, gql 395->407, buttons 0->0, height 40361->41784, clicked 2
    ↳ load step 25: articles 418->430, gql 407->419, buttons 0->0, height 41784->43464, clicked 2
    ↳ load step 25: articles 365->377, gql 354->366, buttons 0->0, height 32386->33527, clicked 1
    ↳ load step 26: articles 377->388, gql 366->377, buttons 0->0, height 33527->34446, clicked 1
    ↳ load step 26: articles 430->442, gql 419->431, buttons 0->0, height 43464->44907, clicked 1
    ↳ load step 27: articles 442->454, gql 431->443, buttons 0->0, height 44907->46310, clicked 1
    ↳ load step 27: articles 388->422, gql 377->411, buttons 0->0, height 34446->37509, clicked 1
    ↳ load step 28: articles 422->432, gql 411->421, buttons 0->0, height 37509->38269, clicked 0
    ↳ load step 28: articles 454->466, gql 443->455, buttons 0->0, height 46310->47684, clicked 1
    ↳ load step 29: articles 466->478, gql 455->467, buttons 0->0, height 47684->49059, clicked 1
    ↳ load step 29: articles 432->467, gql 421->456, buttons 0->0, height 38269->41384, clicked 1
    ↳ load step 30: articles 478->490, gql 467->479, buttons 0->0, height 49059->50474, clicked 1
    ↳ load step 31: articles 490->500, gql 479->489, buttons 0->0, height 50474->51394, clicked 0
    ↳ load step 30: articles 467->492, gql 456->481, buttons 0->0, height 41384->43556, clicked 1
    ↳ load step 32: articles 500->514, gql 489->503, buttons 0->0, height 51394->52807, clicked 1
    ↳ load step 31: articles 492->516, gql 481->505, buttons 0->0, height 43556->45773, clicked 2
    ↳ load step 33: articles 514->528, gql 503->517, buttons 0->0, height 52807->54392, clicked 2
    ↳ load step 32: articles 516->528, gql 505->517, buttons 0->0, height 45773->46826, clicked 1
    ↳ load step 33: articles 528->538, gql 517->527, buttons 0->0, height 46826->47917, clicked 0
    ↳ load step 34: articles 538->548, gql 527->537, buttons 0->0, height 47917->48915, clicked 0
    ↳ load step 34: articles 528->540, gql 517->529, buttons 0->0, height 54392->55597, clicked 1
    ↳ load step 35: articles 548->561, gql 537->550, buttons 0->0, height 48915->50180, clicked 1
    ↳ load step 35: articles 540->551, gql 529->540, buttons 0->0, height 55597->56659, clicked 1
    ↳ load step 36: articles 561->574, gql 550->563, buttons 0->0, height 50180->51259, clicked 2
    ↳ load step 36: articles 551->563, gql 540->552, buttons 0->0, height 56659->57836, clicked 1
    ↳ load step 37: articles 563->575, gql 552->564, buttons 0->0, height 57836->59101, clicked 2
    ↳ load step 37: articles 574->586, gql 563->575, buttons 0->0, height 51259->52280, clicked 1
    ↳ load step 38: articles 586->596, gql 575->585, buttons 0->0, height 52280->53057, clicked 0
    ↳ load step 38: articles 575->589, gql 564->578, buttons 0->0, height 59101->60610, clicked 1
    ↳ load step 39: articles 589->601, gql 578->590, buttons 0->0, height 60610->61767, clicked 1
    ↳ load step 39: articles 596->610, gql 585->599, buttons 0->0, height 53057->54258, clicked 2
    ↳ load step 40: articles 610->620, gql 599->609, buttons 0->0, height 54258->54999, clicked 0
    ↳ load step 41: articles 620->631, gql 609->620, buttons 0->0, height 54999->55881, clicked 1
    ↳ load step 40: articles 601->626, gql 590->615, buttons 0->0, height 61767->64362, clicked 2
    ↳ load step 41: articles 626->638, gql 615->627, buttons 0->0, height 64362->65579, clicked 1
    ↳ load step 42: articles 631->655, gql 620->644, buttons 0->0, height 55881->57927, clicked 1
    ↳ load step 42: articles 638->662, gql 627->651, buttons 0->0, height 65579->68072, clicked 1
    ↳ load step 43: articles 662->673, gql 651->662, buttons 0->0, height 68072->69154, clicked 1
    ↳ load step 43: articles 655->677, gql 644->666, buttons 0->0, height 57927->59673, clicked 1
    ↳ load step 44: articles 673->685, gql 662->674, buttons 0->0, height 69154->70391, clicked 1
    ↳ load step 44: articles 677->688, gql 666->677, buttons 0->0, height 59673->60556, clicked 1
    ↳ load step 45: articles 685->695, gql 674->684, buttons 0->0, height 70391->71391, clicked 0
    ↳ load step 45: articles 688->699, gql 677->688, buttons 0->0, height 60556->61438, clicked 1
    ↳ load step 46: articles 695->709, gql 684->698, buttons 0->0, height 71391->72864, clicked 1
    ↳ load step 46: articles 699->712, gql 688->701, buttons 0->0, height 61438->62565, clicked 1
    ↳ load step 47: articles 709->721, gql 698->710, buttons 0->0, height 72864->74141, clicked 1
    ↳ load step 47: articles 712->734, gql 701->723, buttons 0->0, height 62565->64367, clicked 2
    ↳ load step 48: articles 721->734, gql 710->723, buttons 0->0, height 74141->75600, clicked 1
    ↳ load step 49: articles 734->744, gql 723->733, buttons 0->0, height 75600->76580, clicked 0
    ↳ load step 48: articles 734->768, gql 723->757, buttons 0->0, height 64367->67197, clicked 2
    ↳ load step 49: articles 768->778, gql 757->767, buttons 0->0, height 67197->67938, clicked 0
    ↳ load step 50: articles 778->799, gql 767->788, buttons 0->0, height 67938->69601, clicked 1
    ↳ load step 51: articles 799->809, gql 788->798, buttons 0->0, height 69601->70362, clicked 0
    ↳ load step 52: articles 809->819, gql 798->808, buttons 0->0, height 70362->71142, clicked 0
    ↳ load step 50: articles 744->778, gql 733->767, buttons 0->0, height 76580->80323, clicked 2
    ↳ load step 53: articles 819->831, gql 808->820, buttons 0->0, height 71142->72127, clicked 1
    ↳ load step 54: articles 831->841, gql 820->830, buttons 0->0, height 72127->72908, clicked 0
    ↳ load step 51: articles 778->792, gql 767->781, buttons 0->0, height 80323->81832, clicked 3
    ↳ load step 55: articles 841->865, gql 830->854, buttons 0->0, height 72908->74870, clicked 2
    ↳ load step 52: articles 792->808, gql 781->797, buttons 0->0, height 81832->83685, clicked 3
    ↳ load step 56: articles 865->900, gql 854->889, buttons 0->0, height 74870->77734, clicked 1
    ↳ load step 57: articles 900->910, gql 889->899, buttons 0->0, height 77734->78475, clicked 0
    ↳ load step 53: articles 808->831, gql 797->820, buttons 0->42, height 83685->85974, clicked 2
    ↳ load step 58: articles 910->920, gql 899->909, buttons 0->0, height 78475->79235, clicked 0
    ↳ load step 59: articles 920->930, gql 909->919, buttons 0->0, height 79235->79992, clicked 0
    ↳ load step 60: articles 930->941, gql 919->930, buttons 0->0, height 79992->80875, clicked 1
    ↳ load step 54: articles 831->848, gql 820->837, buttons 42->0, height 85974->87906, clicked 3
    ↳ load step 61: articles 941->974, gql 930->963, buttons 0->0, height 80875->83503, clicked 1
    ↳ load step 62: articles 974->984, gql 963->973, buttons 0->0, height 83503->84320, clicked 0
    ↳ load step 63: articles 984->1005, gql 973->994, buttons 0->0, height 84320->86023, clicked 1
    ↳ load step 55: articles 848->864, gql 837->853, buttons 0->0, height 87906->89807, clicked 3
    ↳ load step 64: articles 1005->1017, gql 994->1006, buttons 0->0, height 86023->87048, clicked 1
    ↳ load step 56: articles 864->876, gql 853->865, buttons 0->0, height 89807->91028, clicked 1
    ↳ load step 65: articles 1017->1028, gql 1006->1017, buttons 0->0, height 87048->87931, clicked 1
    ↳ load step 66: articles 1028->1040, gql 1017->1029, buttons 0->0, height 87931->88936, clicked 1
    ↳ load step 67: articles 1040->1050, gql 1029->1039, buttons 0->0, height 88936->89736, clicked 0
    ↳ load step 68: articles 1050->1060, gql 1039->1049, buttons 0->0, height 89736->90537, clicked 0
    ↳ load step 69: articles 1060->1083, gql 1049->1072, buttons 0->0, height 90537->92416, clicked 2
    ↳ load step 57: articles 876->921, gql 865->910, buttons 0->0, height 91028->95842, clicked 4
    ↳ load step 70: articles 1083->1093, gql 1072->1082, buttons 0->0, height 92416->93177, clicked 0
    ↳ load step 58: articles 921->932, gql 910->921, buttons 0->0, height 95842->96984, clicked 1
    ↳ load step 71: articles 1093->1115, gql 1082->1104, buttons 0->0, height 93177->94982, clicked 1
    ↳ load step 59: articles 932->954, gql 921->943, buttons 0->42, height 96984->99273, clicked 1
    ↳ load step 60: articles 954->968, gql 943->957, buttons 42->0, height 99273->100814, clicked 1
    ↳ load step 72: articles 1115->1149, gql 1104->1138, buttons 0->0, height 94982->97813, clicked 1
    ↳ load step 73: articles 1149->1160, gql 1138->1149, buttons 0->0, height 97813->98716, clicked 1
    ↳ load step 61: articles 968->993, gql 957->982, buttons 0->0, height 100814->103509, clicked 1
    ↳ load step 74: articles 1160->1171, gql 1149->1160, buttons 0->0, height 98716->99614, clicked 1
    ↳ load step 62: articles 993->1005, gql 982->994, buttons 0->0, height 103509->104826, clicked 1
    ↳ load step 75: articles 1171->1182, gql 1160->1171, buttons 0->0, height 99614->100477, clicked 1
    ↳ load step 63: articles 1005->1016, gql 994->1005, buttons 0->0, height 104826->105968, clicked 1
    ↳ load step 76: articles 1182->1207, gql 1171->1196, buttons 0->0, height 100477->102513, clicked 1
    ↳ load step 77: articles 1207->1218, gql 1196->1207, buttons 0->0, height 102513->103396, clicked 1
    ↳ load step 78: articles 1218->1228, gql 1207->1217, buttons 0->0, height 103396->104176, clicked 0
    ↳ load step 79: articles 1228->1238, gql 1217->1227, buttons 0->0, height 104176->104937, clicked 0
    ↳ load step 80: articles 1238->1248, gql 1227->1237, buttons 0->0, height 104937->105697, clicked 0
    ↳ load step 64: articles 1016->1059, gql 1005->1048, buttons 0->0, height 105968->110385, clicked 1
    ↳ load step 81: articles 1248->1282, gql 1237->1271, buttons 0->0, height 105697->108500, clicked 2
    ↳ load step 82: articles 1282->1293, gql 1271->1282, buttons 0->0, height 108500->109379, clicked 1
    ↳ load step 65: articles 1059->1115, gql 1048->1104, buttons 0->0, height 110385->116145, clicked 1
    ↳ load step 83: articles 1293->1399, gql 1282->1388, buttons 0->0, height 109379->118884, clicked 1
    ↳ load step 66: articles 1115->1158, gql 1104->1147, buttons 0->0, height 116145->120499, clicked 3
    ↳ load step 84: articles 1399->1414, gql 1388->1403, buttons 0->0, height 118884->120147, clicked 3
    ↳ load step 67: articles 1158->1185, gql 1147->1174, buttons 0->0, height 120499->123363, clicked 3
    ↳ load step 68: articles 1185->1196, gql 1174->1185, buttons 0->0, height 123363->124465, clicked 1
    ↳ load step 69: articles 1196->1218, gql 1185->1207, buttons 0->0, height 124465->126571, clicked 1
    ↳ load step 70: articles 1218->1218, gql 1207->1207, buttons 0->0, height 126571->126571, clicked 0
    ↳ load step 71: articles 1218->1218, gql 1207->1207, buttons 0->0, height 126571->126571, clicked 0
    ↳ load step 72: articles 1218->1218, gql 1207->1207, buttons 0->0, height 126571->126571, clicked 0
    ↳ load step 85: articles 1414->1481, gql 1403->1470, buttons 0->0, height 120147->126067, clicked 1
    ↳ load step 73: articles 1218->1218, gql 1207->1207, buttons 0->0, height 126571->126571, clicked 0
    [W2] → Thu thập được 1207 comments
[Priority recrawl] Tiến độ: 1/26464 (post 2429632417535578: done)
  [writer] Đã ghi 4487 comments → /Users/huongquadeo/Desktop/GraphQL Group/fb-group-crawler/data/804858320013004/comments.csv
  [writer] Đã ghi 43 file comment theo post → /Users/huongquadeo/Desktop/GraphQL Group/fb-group-crawler/data/804858320013004/comments
[Priority recrawl] Post 2429632417535578 mới lấy 1207/1734 (~70%), sẽ crawl lại ở lần chạy sau
    ↳ load step 86: articles 1481->1494, gql 1470->1483, buttons 0->0, height 126067->127214, clicked 2
  [3/70] [W2] Post 2429980127500807 (1733 comments expected)
    → Bỏ qua đổi filter All comments để tránh lỗi unavailable
    ↳ load step 87: articles 1494->1504, gql 1483->1493, buttons 0->0, height 127214->127955, clicked 0
    ↳ load step 88: articles 1504->1514, gql 1493->1503, buttons 0->0, height 127955->128715, clicked 0
    ↳ load step 1: articles 12->26, gql 1->15, buttons 0->0, height 2264->3566, clicked 2
    ↳ load step 2: articles 26->38, gql 15->27, buttons 0->0, height 3566->4690, clicked 1
    ↳ load step 3: articles 38->50, gql 27->39, buttons 0->0, height 4690->5787, clicked 1
    ↳ load step 4: articles 50->62, gql 39->51, buttons 0->0, height 5787->6892, clicked 1
    ↳ load step 5: articles 62->90, gql 51->79, buttons 0->0, height 6892->9422, clicked 4
    ↳ load step 6: articles 90->101, gql 79->90, buttons 0->0, height 9422->10521, clicked 1
    ↳ load step 7: articles 101->113, gql 90->102, buttons 0->0, height 10521->11766, clicked 1
    ↳ load step 8: articles 113->125, gql 102->114, buttons 0->0, height 11766->13030, clicked 2
    ↳ load step 9: articles 125->137, gql 114->126, buttons 0->0, height 13030->14287, clicked 1
    ↳ load step 10: articles 137->149, gql 126->138, buttons 0->0, height 14287->15484, clicked 1
    ↳ load step 89: articles 1514->1526, gql 1503->1515, buttons 0->0, height 128715->129732, clicked 2
    ↳ load step 11: articles 149->161, gql 138->150, buttons 0->0, height 15484->16680, clicked 1
    ↳ load step 12: articles 161->174, gql 150->163, buttons 0->0, height 16680->18019, clicked 1
    ↳ load step 13: articles 174->186, gql 163->175, buttons 0->0, height 18019->19196, clicked 1
    ↳ load step 14: articles 186->196, gql 175->185, buttons 0->0, height 19196->20176, clicked 0
    ↳ load step 90: articles 1526->1550, gql 1515->1539, buttons 0->0, height 129732->131670, clicked 2
    ↳ load step 15: articles 196->206, gql 185->195, buttons 0->0, height 20176->21176, clicked 0
    ↳ load step 16: articles 206->218, gql 195->207, buttons 0->0, height 21176->22441, clicked 1
    ↳ load step 17: articles 218->254, gql 207->243, buttons 0->0, height 22441->26095, clicked 2
    ↳ load step 18: articles 254->266, gql 243->255, buttons 0->0, height 26095->27312, clicked 1
    ↳ load step 19: articles 266->276, gql 255->265, buttons 0->0, height 27312->28313, clicked 0
    ↳ load step 20: articles 276->374, gql 265->363, buttons 0->0, height 28313->38178, clicked 2
    ↳ load step 91: articles 1550->1599, gql 1539->1588, buttons 0->0, height 131670->135912, clicked 1
    ↳ load step 21: articles 374->384, gql 363->373, buttons 0->0, height 38178->39138, clicked 0
    ↳ load step 22: articles 384->423, gql 373->412, buttons 0->0, height 39138->43123, clicked 2
    ↳ load step 92: articles 1599->1614, gql 1588->1603, buttons 0->0, height 135912->137291, clicked 3
    ↳ load step 23: articles 423->447, gql 412->436, buttons 0->0, height 43123->45516, clicked 1
    ↳ load step 93: articles 1614->1624, gql 1603->1613, buttons 0->0, height 137291->138072, clicked 0
    ↳ load step 24: articles 447->485, gql 436->474, buttons 0->0, height 45516->49342, clicked 1
    ↳ load step 25: articles 485->497, gql 474->486, buttons 0->0, height 49342->50559, clicked 1
    ↳ load step 94: articles 1624->1665, gql 1613->1654, buttons 0->0, height 138072->141737, clicked 3
    ↳ load step 26: articles 497->536, gql 486->525, buttons 0->0, height 50559->54467, clicked 1
    ↳ load step 27: articles 536->546, gql 525->535, buttons 0->0, height 54467->55388, clicked 0
    ↳ load step 28: articles 546->557, gql 535->546, buttons 0->0, height 55388->56410, clicked 1
    ↳ load step 29: articles 557->569, gql 546->558, buttons 0->0, height 56410->57587, clicked 1
    ↳ load step 30: articles 569->595, gql 558->584, buttons 0->0, height 57587->60117, clicked 1
    ↳ load step 31: articles 595->607, gql 584->596, buttons 0->0, height 60117->61273, clicked 1
    ↳ load step 32: articles 607->618, gql 596->607, buttons 0->0, height 61273->62296, clicked 1
    ↳ load step 33: articles 618->630, gql 607->619, buttons 0->0, height 62296->63561, clicked 1
    ↳ load step 34: articles 630->640, gql 619->629, buttons 0->0, height 63561->64537, clicked 0
    ↳ load step 95: articles 1665->1677, gql 1654->1666, buttons 0->0, height 141737->142774, clicked 2
    ↳ load step 35: articles 640->652, gql 629->641, buttons 0->0, height 64537->65714, clicked 1
    ↳ load step 36: articles 652->664, gql 641->653, buttons 0->0, height 65714->66999, clicked 1
    ↳ load step 37: articles 664->677, gql 653->666, buttons 0->0, height 66999->68357, clicked 2
    ↳ load step 96: articles 1677->1715, gql 1666->1704, buttons 0->0, height 142774->146061, clicked 2
    ↳ load step 38: articles 677->689, gql 666->678, buttons 0->0, height 68357->69582, clicked 1
    ↳ load step 39: articles 689->699, gql 678->688, buttons 0->0, height 69582->70598, clicked 0
    ↳ load step 97: articles 1715->1726, gql 1704->1715, buttons 0->0, height 146061->146940, clicked 1
    ↳ load step 40: articles 699->712, gql 688->701, buttons 0->0, height 70598->71917, clicked 2
    ↳ load step 41: articles 712->724, gql 701->713, buttons 0->0, height 71917->73086, clicked 1
    ↳ load step 42: articles 724->734, gql 713->723, buttons 0->0, height 73086->74006, clicked 0
    ↳ load step 98: articles 1726->1738, gql 1715->1727, buttons 0->0, height 146940->147945, clicked 1
    ↳ load step 99: articles 1738->1748, gql 1727->1737, buttons 0->0, height 147945->148766, clicked 0
    ↳ load step 43: articles 734->746, gql 723->735, buttons 0->0, height 74006->75191, clicked 1
    ↳ load step 44: articles 746->757, gql 735->746, buttons 0->0, height 75191->76274, clicked 1
    ↳ load step 45: articles 757->767, gql 746->756, buttons 0->0, height 76274->77194, clicked 0
    ↳ load step 100: articles 1748->1771, gql 1737->1760, buttons 0->0, height 148766->150633, clicked 1
    ↳ load step 46: articles 767->779, gql 756->768, buttons 0->0, height 77194->78351, clicked 1
    ↳ load step 47: articles 779->792, gql 768->781, buttons 0->0, height 78351->79650, clicked 1
    ↳ load step 48: articles 792->802, gql 781->791, buttons 0->0, height 79650->80550, clicked 0
    ↳ load step 101: articles 1771->1797, gql 1760->1786, buttons 0->0, height 150633->152859, clicked 2
    ↳ load step 49: articles 802->813, gql 791->802, buttons 0->0, height 80550->81613, clicked 1
    ↳ load step 50: articles 813->837, gql 802->826, buttons 0->0, height 81613->83974, clicked 1
    ↳ load step 102: articles 1797->1809, gql 1786->1798, buttons 0->0, height 152859->153936, clicked 2
    ↳ load step 51: articles 837->863, gql 826->852, buttons 0->0, height 83974->86572, clicked 2
    ↳ load step 52: articles 863->890, gql 852->879, buttons 0->0, height 86572->89400, clicked 2
    ↳ load step 103: articles 1809->1846, gql 1798->1835, buttons 0->0, height 153936->157039, clicked 2
    ↳ load step 53: articles 890->901, gql 879->890, buttons 0->0, height 89400->90499, clicked 1
    ↳ load step 104: articles 1846->1857, gql 1835->1846, buttons 0->0, height 157039->158014, clicked 1
    ↳ load step 54: articles 901->932, gql 890->921, buttons 0->0, height 90499->93731, clicked 2
    ↳ load step 105: articles 1857->1868, gql 1846->1857, buttons 0->0, height 158014->158884, clicked 1
    ↳ load step 55: articles 932->942, gql 921->931, buttons 0->0, height 93731->94651, clicked 0
    ↳ load step 56: articles 942->958, gql 931->947, buttons 0->0, height 94651->96288, clicked 2
    ↳ load step 106: articles 1868->1892, gql 1857->1881, buttons 0->0, height 158884->160894, clicked 1
    ↳ load step 57: articles 958->970, gql 947->959, buttons 0->0, height 96288->97473, clicked 1
    ↳ load step 58: articles 970->982, gql 959->971, buttons 0->0, height 97473->99708, clicked 1
    ↳ load step 107: articles 1892->1906, gql 1881->1895, buttons 0->0, height 160894->162164, clicked 3
    ↳ load step 59: articles 982->997, gql 971->986, buttons 0->0, height 99708->101787, clicked 3
    ↳ load step 60: articles 997->1013, gql 986->1002, buttons 0->0, height 101787->103356, clicked 2
    ↳ load step 108: articles 1906->1930, gql 1895->1919, buttons 0->0, height 162164->164325, clicked 1
    ↳ load step 109: articles 1930->1942, gql 1919->1931, buttons 0->0, height 164325->165358, clicked 1
    ↳ load step 61: articles 1013->1119, gql 1002->1108, buttons 0->0, height 103356->114292, clicked 3
    ↳ load step 110: articles 1942->1953, gql 1931->1942, buttons 0->0, height 165358->166241, clicked 1
    ↳ load step 62: articles 1119->1128, gql 1108->1117, buttons 0->0, height 114292->114925, clicked 1
    ↳ load step 63: articles 1128->1128, gql 1117->1117, buttons 0->0, height 114925->114925, clicked 0
    ↳ load step 111: articles 1953->1964, gql 1942->1953, buttons 0->0, height 166241->167104, clicked 1
    ↳ load step 64: articles 1128->1128, gql 1117->1117, buttons 0->0, height 114925->114925, clicked 0
    ↳ load step 65: articles 1128->1128, gql 1117->1117, buttons 0->0, height 114925->114925, clicked 0
    ↳ load step 66: articles 1128->1128, gql 1117->1117, buttons 0->0, height 114925->114925, clicked 0
    [W2] → Thu thập được 1117 comments
[Priority recrawl] Tiến độ: 2/26464 (post 2429980127500807: done)
  [writer] Đã ghi 5604 comments → /Users/huongquadeo/Desktop/GraphQL Group/fb-group-crawler/data/804858320013004/comments.csv
  [writer] Đã ghi 44 file comment theo post → /Users/huongquadeo/Desktop/GraphQL Group/fb-group-crawler/data/804858320013004/comments
[Priority recrawl] Post 2429980127500807 mới lấy 1117/1733 (~64%), sẽ crawl lại ở lần chạy sau

[Nhịp nghỉ] Đã crawl liên tục 30 phút, nghỉ 0 phút (tới 16:56:33)...


[Nhịp nghỉ] Nghỉ xong, crawl tiếp.

  [4/70] [W2] Post 2181798222553880 (2246 comments expected)
    → Bỏ qua đổi filter All comments để tránh lỗi unavailable
    ↳ load step 1: articles 14->24, gql 3->13, buttons 0->0, height 3197->4775, clicked 0
    ↳ load step 2: articles 24->34, gql 13->23, buttons 0->0, height 4775->7771, clicked 0
    ↳ load step 3: articles 34->44, gql 23->33, buttons 0->0, height 7771->8718, clicked 0
    ↳ load step 4: articles 44->54, gql 33->43, buttons 0->0, height 8718->9684, clicked 0
    ↳ load step 5: articles 54->64, gql 43->53, buttons 0->0, height 9684->10645, clicked 0
    ↳ load step 6: articles 64->74, gql 53->63, buttons 0->0, height 10645->11605, clicked 0
    ↳ load step 7: articles 74->84, gql 63->73, buttons 0->0, height 11605->12566, clicked 0
    ↳ load step 8: articles 84->94, gql 73->83, buttons 0->0, height 12566->13526, clicked 0
    ↳ load step 112: articles 1964->2015, gql 1953->2004, buttons 0->0, height 167104->171468, clicked 2
    ↳ load step 9: articles 94->104, gql 83->93, buttons 0->0, height 13526->14506, clicked 0
    ↳ load step 10: articles 104->114, gql 93->103, buttons 0->0, height 14506->15447, clicked 0
    ↳ load step 11: articles 114->124, gql 103->113, buttons 0->0, height 15447->16407, clicked 0
    ↳ load step 12: articles 124->134, gql 113->123, buttons 0->0, height 16407->17368, clicked 0
    ↳ load step 13: articles 134->144, gql 123->133, buttons 0->0, height 17368->18348, clicked 0
    ↳ load step 14: articles 144->154, gql 133->143, buttons 0->0, height 18348->19289, clicked 0
    ↳ load step 15: articles 154->164, gql 143->153, buttons 0->0, height 19289->20229, clicked 0
    ↳ load step 16: articles 164->174, gql 153->163, buttons 0->0, height 20229->21190, clicked 0
    ↳ load step 17: articles 174->184, gql 163->173, buttons 0->0, height 21190->22130, clicked 0
    ↳ load step 18: articles 184->194, gql 173->183, buttons 0->0, height 22130->23071, clicked 0
    ↳ load step 19: articles 194->204, gql 183->193, buttons 0->0, height 23071->24011, clicked 0
    ↳ load step 20: articles 204->214, gql 193->203, buttons 0->0, height 24011->24951, clicked 0
    ↳ load step 21: articles 214->224, gql 203->213, buttons 0->0, height 24951->25932, clicked 0
    ↳ load step 113: articles 2015->2043, gql 2004->2032, buttons 0->0, height 171468->173998, clicked 2
    ↳ load step 22: articles 224->234, gql 213->223, buttons 0->0, height 25932->26952, clicked 0
    ↳ load step 23: articles 234->244, gql 223->233, buttons 0->0, height 26952->27953, clicked 0
    ↳ load step 24: articles 244->254, gql 233->243, buttons 0->0, height 27953->28933, clicked 0
    ↳ load step 25: articles 254->264, gql 243->253, buttons 0->0, height 28933->29854, clicked 0
    ↳ load step 26: articles 264->274, gql 253->263, buttons 0->0, height 29854->30794, clicked 0
    ↳ load step 27: articles 274->284, gql 263->273, buttons 0->0, height 30794->31755, clicked 0
    ↳ load step 28: articles 284->294, gql 273->283, buttons 0->0, height 31755->32675, clicked 0
    ↳ load step 29: articles 294->304, gql 283->293, buttons 0->0, height 32675->33656, clicked 0
    ↳ load step 30: articles 304->314, gql 293->303, buttons 0->0, height 33656->34596, clicked 0
    ↳ load step 114: articles 2043->2067, gql 2032->2056, buttons 0->0, height 173998->176056, clicked 2
    ↳ load step 31: articles 314->324, gql 303->313, buttons 0->0, height 34596->35536, clicked 0
    ↳ load step 32: articles 324->334, gql 313->323, buttons 0->0, height 35536->36497, clicked 0
    ↳ load step 33: articles 334->344, gql 323->333, buttons 0->0, height 36497->37457, clicked 0
    ↳ load step 34: articles 344->354, gql 333->343, buttons 0->0, height 37457->38458, clicked 0
    ↳ load step 35: articles 354->364, gql 343->353, buttons 0->0, height 38458->39418, clicked 0
    ↳ load step 36: articles 364->374, gql 353->363, buttons 0->0, height 39418->40379, clicked 0
    ↳ load step 37: articles 374->384, gql 363->373, buttons 0->0, height 40379->41319, clicked 0
    ↳ load step 115: articles 2067->2092, gql 2056->2081, buttons 0->0, height 176056->178208, clicked 2
    ↳ load step 38: articles 384->394, gql 373->383, buttons 0->0, height 41319->42280, clicked 0
    ↳ load step 39: articles 394->404, gql 383->393, buttons 0->0, height 42280->43220, clicked 0
    ↳ load step 40: articles 404->414, gql 393->403, buttons 0->0, height 43220->44181, clicked 0
    ↳ load step 116: articles 2092->2103, gql 2081->2092, buttons 0->0, height 178208->179071, clicked 1
    ↳ load step 41: articles 414->424, gql 403->413, buttons 0->0, height 44181->45141, clicked 0
    ↳ load step 42: articles 424->434, gql 413->423, buttons 0->0, height 45141->46101, clicked 0
    ↳ load step 43: articles 434->444, gql 423->433, buttons 0->0, height 46101->47042, clicked 0
    ↳ load step 44: articles 444->454, gql 433->443, buttons 0->0, height 47042->48022, clicked 0
    ↳ load step 117: articles 2103->2115, gql 2092->2104, buttons 0->0, height 179071->180096, clicked 1
    ↳ load step 45: articles 454->464, gql 443->453, buttons 0->0, height 48022->48963, clicked 0
    ↳ load step 46: articles 464->474, gql 453->463, buttons 0->0, height 48963->49963, clicked 0
    ↳ load step 47: articles 474->484, gql 463->473, buttons 0->0, height 49963->50984, clicked 0
    ↳ load step 48: articles 484->494, gql 473->483, buttons 0->0, height 50984->51984, clicked 0
    ↳ load step 49: articles 494->504, gql 483->493, buttons 0->0, height 51984->52925, clicked 0
    ↳ load step 50: articles 504->514, gql 493->503, buttons 0->0, height 52925->53905, clicked 0
    ↳ load step 118: articles 2115->2142, gql 2104->2131, buttons 0->0, height 180096->182372, clicked 2
    ↳ load step 51: articles 514->524, gql 503->513, buttons 0->0, height 53905->54905, clicked 0
    ↳ load step 52: articles 524->534, gql 513->523, buttons 0->0, height 54905->55826, clicked 0
    ↳ load step 53: articles 534->544, gql 523->533, buttons 0->0, height 55826->56766, clicked 0
    ↳ load step 54: articles 544->554, gql 533->543, buttons 0->0, height 56766->57727, clicked 0
    ↳ load step 119: articles 2142->2154, gql 2131->2143, buttons 0->0, height 182372->183377, clicked 1
    ↳ load step 55: articles 554->564, gql 543->553, buttons 0->0, height 57727->58667, clicked 0
    ↳ load step 56: articles 564->574, gql 553->563, buttons 0->0, height 58667->59628, clicked 0
    ↳ load step 57: articles 574->584, gql 563->573, buttons 0->0, height 59628->60588, clicked 0
    ↳ load step 58: articles 584->594, gql 573->583, buttons 0->0, height 60588->61529, clicked 0
    ↳ load step 59: articles 594->604, gql 583->593, buttons 0->0, height 61529->62509, clicked 0
    ↳ load step 60: articles 604->614, gql 593->603, buttons 0->0, height 62509->63470, clicked 0
    ↳ load step 61: articles 614->624, gql 603->613, buttons 0->0, height 63470->64410, clicked 0
    ↳ load step 120: articles 2154->2179, gql 2143->2168, buttons 0->0, height 183377->185509, clicked 2
    ↳ load step 62: articles 624->634, gql 613->623, buttons 0->0, height 64410->65390, clicked 0
    ↳ load step 63: articles 634->644, gql 623->633, buttons 0->0, height 65390->66331, clicked 0
    ↳ load step 64: articles 644->654, gql 633->643, buttons 0->0, height 66331->67291, clicked 0
    [W1] → Thu thập được 2188 comments
[Priority recrawl] Tiến độ: 3/26464 (post 27221283137558307: done)
  [writer] Đã ghi 2318 comments → /Users/huongquadeo/Desktop/GraphQL Group/fb-group-crawler/data/6183167068463220/comments.csv
  [writer] Đã ghi 5 file comment theo post → /Users/huongquadeo/Desktop/GraphQL Group/fb-group-crawler/data/6183167068463220/comments
    ↳ load step 65: articles 654->664, gql 643->653, buttons 0->0, height 67291->68272, clicked 0
  [5/70] [W1] Post 2429556830876470 (1718 comments expected)
    ↳ load step 66: articles 664->674, gql 653->663, buttons 0->0, height 68272->69252, clicked 0
    → Bỏ qua đổi filter All comments để tránh lỗi unavailable
    ↳ load step 67: articles 674->684, gql 663->673, buttons 0->0, height 69252->70213, clicked 0
    ↳ load step 68: articles 684->694, gql 673->683, buttons 0->0, height 70213->71193, clicked 0
    ↳ load step 69: articles 694->704, gql 683->693, buttons 0->0, height 71193->72134, clicked 0
    ↳ load step 70: articles 704->714, gql 693->703, buttons 0->0, height 72134->73074, clicked 0
    ↳ load step 1: articles 13->38, gql 2->27, buttons 64->0, height 2582->5689, clicked 5
    ↳ load step 71: articles 714->724, gql 703->713, buttons 0->0, height 73074->74035, clicked 0
    ↳ load step 72: articles 724->734, gql 713->723, buttons 0->0, height 74035->75015, clicked 0
    ↳ load step 73: articles 734->744, gql 723->733, buttons 0->0, height 75015->75995, clicked 0
    ↳ load step 74: articles 744->754, gql 733->743, buttons 0->0, height 75995->76936, clicked 0
    ↳ load step 75: articles 754->764, gql 743->753, buttons 0->0, height 76936->77896, clicked 0
    ↳ load step 76: articles 764->774, gql 753->763, buttons 0->0, height 77896->78857, clicked 0
    ↳ load step 77: articles 774->784, gql 763->773, buttons 0->0, height 78857->79817, clicked 0
    ↳ load step 78: articles 784->794, gql 773->783, buttons 0->0, height 79817->80798, clicked 0
    ↳ load step 2: articles 38->83, gql 27->72, buttons 0->42, height 5689->10692, clicked 4
    ↳ load step 79: articles 794->804, gql 783->793, buttons 0->0, height 80798->81718, clicked 0
    ↳ load step 3: articles 83->96, gql 72->85, buttons 42->0, height 10692->11958, clicked 1
    ↳ load step 80: articles 804->814, gql 793->803, buttons 0->0, height 81718->82659, clicked 0
    ↳ load step 4: articles 96->106, gql 85->95, buttons 0->0, height 11958->12919, clicked 0
    ↳ load step 81: articles 814->824, gql 803->813, buttons 0->0, height 82659->83639, clicked 0
    ↳ load step 5: articles 106->117, gql 95->106, buttons 0->0, height 12919->14002, clicked 1
    ↳ load step 82: articles 824->834, gql 813->823, buttons 0->0, height 83639->84560, clicked 0
    ↳ load step 83: articles 834->844, gql 823->833, buttons 0->0, height 84560->85500, clicked 0
    ↳ load step 6: articles 117->142, gql 106->131, buttons 0->0, height 14002->16553, clicked 2
    ↳ load step 84: articles 844->854, gql 833->843, buttons 0->0, height 85500->86460, clicked 0
    ↳ load step 7: articles 142->153, gql 131->142, buttons 0->0, height 16553->17602, clicked 1
    ↳ load step 85: articles 854->864, gql 843->853, buttons 0->0, height 86460->87401, clicked 0
    ↳ load step 86: articles 864->874, gql 853->863, buttons 0->0, height 87401->88341, clicked 0
    ↳ load step 87: articles 874->884, gql 863->873, buttons 0->0, height 88341->89282, clicked 0
    ↳ load step 88: articles 884->894, gql 873->883, buttons 0->0, height 89282->90282, clicked 0
    ↳ load step 8: articles 153->194, gql 142->183, buttons 0->0, height 17602->21794, clicked 1
    ↳ load step 89: articles 894->904, gql 883->893, buttons 0->0, height 90282->91243, clicked 0
    ↳ load step 9: articles 194->206, gql 183->195, buttons 0->0, height 21794->22999, clicked 1
    ↳ load step 90: articles 904->914, gql 893->903, buttons 0->0, height 91243->92223, clicked 0
    ↳ load step 91: articles 914->924, gql 903->913, buttons 0->0, height 92223->93204, clicked 0
    ↳ load step 10: articles 206->220, gql 195->209, buttons 0->0, height 22999->24412, clicked 2
    ↳ load step 92: articles 924->934, gql 913->923, buttons 0->0, height 93204->94184, clicked 0
    ↳ load step 93: articles 934->944, gql 923->933, buttons 0->0, height 94184->95144, clicked 0
    ↳ load step 11: articles 220->234, gql 209->223, buttons 0->0, height 24412->25825, clicked 1
    ↳ load step 94: articles 944->954, gql 933->943, buttons 0->0, height 95144->96065, clicked 0
    ↳ load step 12: articles 234->248, gql 223->237, buttons 0->0, height 25825->27198, clicked 1
    ↳ load step 95: articles 954->964, gql 943->953, buttons 0->0, height 96065->97065, clicked 0
    ↳ load step 96: articles 964->974, gql 953->963, buttons 0->0, height 97065->98026, clicked 0
    ↳ load step 97: articles 974->984, gql 963->973, buttons 0->0, height 98026->98986, clicked 0
    ↳ load step 98: articles 984->994, gql 973->983, buttons 0->0, height 98986->99967, clicked 0
    ↳ load step 13: articles 248->299, gql 237->288, buttons 0->0, height 27198->32225, clicked 2
    ↳ load step 99: articles 994->1004, gql 983->993, buttons 0->0, height 99967->100927, clicked 0
    ↳ load step 14: articles 299->310, gql 288->299, buttons 0->0, height 32225->33288, clicked 1
    ↳ load step 100: articles 1004->1014, gql 993->1003, buttons 0->0, height 100927->101868, clicked 0
    ↳ load step 101: articles 1014->1024, gql 1003->1013, buttons 0->0, height 101868->102868, clicked 0
    ↳ load step 15: articles 310->322, gql 299->311, buttons 0->0, height 33288->34532, clicked 1
    ↳ load step 102: articles 1024->1034, gql 1013->1023, buttons 0->0, height 102868->103809, clicked 0
    ↳ load step 103: articles 1034->1044, gql 1023->1033, buttons 0->0, height 103809->104789, clicked 0
    ↳ load step 104: articles 1044->1054, gql 1033->1043, buttons 0->0, height 104789->105749, clicked 0
    ↳ load step 105: articles 1054->1064, gql 1043->1053, buttons 0->0, height 105749->106690, clicked 0
    ↳ load step 106: articles 1064->1074, gql 1053->1063, buttons 0->0, height 106690->107630, clicked 0
    ↳ load step 107: articles 1074->1084, gql 1063->1073, buttons 0->0, height 107630->108571, clicked 0
    ↳ load step 108: articles 1084->1094, gql 1073->1083, buttons 0->0, height 108571->109531, clicked 0
    ↳ load step 16: articles 322->334, gql 311->323, buttons 0->0, height 34532->35721, clicked 2
    ↳ load step 109: articles 1094->1104, gql 1083->1093, buttons 0->0, height 109531->110472, clicked 0
    ↳ load step 110: articles 1104->1114, gql 1093->1103, buttons 0->0, height 110472->111412, clicked 0
    ↳ load step 17: articles 334->358, gql 323->347, buttons 0->0, height 35721->38118, clicked 3
    ↳ load step 111: articles 1114->1124, gql 1103->1113, buttons 0->0, height 111412->112353, clicked 0
    ↳ load step 18: articles 358->380, gql 347->369, buttons 0->42, height 38118->40276, clicked 2
    ↳ load step 112: articles 1124->1134, gql 1113->1123, buttons 0->0, height 112353->113293, clicked 0
    ↳ load step 19: articles 380->395, gql 369->384, buttons 42->0, height 40276->41759, clicked 2
    ↳ load step 113: articles 1134->1144, gql 1123->1133, buttons 0->0, height 113293->114254, clicked 0
    ↳ load step 114: articles 1144->1154, gql 1133->1143, buttons 0->0, height 114254->115234, clicked 0
    ↳ load step 20: articles 395->422, gql 384->411, buttons 0->0, height 41759->44430, clicked 2
    ↳ load step 115: articles 1154->1174, gql 1143->1163, buttons 0->0, height 115234->117175, clicked 0
    ↳ load step 116: articles 1174->1204, gql 1163->1193, buttons 0->0, height 117175->120036, clicked 0
    ↳ load step 21: articles 422->435, gql 411->424, buttons 0->0, height 44430->45797, clicked 2
    ↳ load step 117: articles 1204->1214, gql 1193->1203, buttons 0->0, height 120036->121017, clicked 0
    ↳ load step 22: articles 435->448, gql 424->437, buttons 0->0, height 45797->47136, clicked 2
    ↳ load step 118: articles 1214->1224, gql 1203->1213, buttons 0->0, height 121017->121997, clicked 0
    ↳ load step 119: articles 1224->1234, gql 1213->1223, buttons 0->0, height 121997->122958, clicked 0
    ↳ load step 120: articles 1234->1244, gql 1223->1233, buttons 0->0, height 122958->123958, clicked 0
    [W2] → Thu thập được 1263 comments
[Priority recrawl] Tiến độ: 4/26464 (post 2181798222553880: done)
  [writer] Đã ghi 19897 comments → /Users/huongquadeo/Desktop/GraphQL Group/fb-group-crawler/data/183774529022936/comments.csv
  [writer] Đã ghi 838 file comment theo post → /Users/huongquadeo/Desktop/GraphQL Group/fb-group-crawler/data/183774529022936/comments
[Priority recrawl] Post 2181798222553880 mới lấy 1263/2246 (~56%), sẽ crawl lại ở lần chạy sau
    ↳ load step 23: articles 448->508, gql 437->497, buttons 0->0, height 47136->53276, clicked 2
  [6/70] [W2] Post 2430118194153667 (1665 comments expected)
    → Bỏ qua đổi filter All comments để tránh lỗi unavailable
    ↳ load step 24: articles 508->522, gql 497->511, buttons 0->0, height 53276->54649, clicked 1
    ↳ load step 1: articles 11->43, gql 0->32, buttons 0->0, height 1354->4625, clicked 4
    ↳ load step 25: articles 522->576, gql 511->565, buttons 0->0, height 54649->60140, clicked 2
    ↳ load step 2: articles 43->89, gql 32->78, buttons 0->0, height 4625->9244, clicked 2
    ↳ load step 3: articles 89->99, gql 78->88, buttons 0->0, height 9244->10145, clicked 0
    ↳ load step 4: articles 99->109, gql 88->98, buttons 0->0, height 10145->11005, clicked 0
    ↳ load step 26: articles 576->603, gql 565->592, buttons 0->0, height 60140->62852, clicked 1
    ↳ load step 5: articles 109->123, gql 98->112, buttons 0->0, height 11005->12290, clicked 1
    ↳ load step 6: articles 123->133, gql 112->122, buttons 0->0, height 12290->13210, clicked 0
    ↳ load step 7: articles 133->154, gql 122->143, buttons 0->42, height 13210->15186, clicked 1
    ↳ load step 27: articles 603->616, gql 592->605, buttons 0->0, height 62852->64239, clicked 3
    ↳ load step 8: articles 154->168, gql 143->157, buttons 42->0, height 15186->16526, clicked 1
    ↳ load step 9: articles 168->178, gql 157->167, buttons 0->0, height 16526->17467, clicked 0
    ↳ load step 10: articles 178->188, gql 167->177, buttons 0->0, height 17467->18367, clicked 0
    ↳ load step 11: articles 188->199, gql 177->188, buttons 0->0, height 18367->19450, clicked 1
    ↳ load step 28: articles 616->655, gql 605->644, buttons 0->0, height 64239->68252, clicked 2
    ↳ load step 12: articles 199->210, gql 188->199, buttons 0->0, height 19450->20513, clicked 1
    ↳ load step 13: articles 210->231, gql 199->220, buttons 0->0, height 20513->22496, clicked 1
    ↳ load step 14: articles 231->243, gql 220->232, buttons 0->0, height 22496->23652, clicked 1
    ↳ load step 15: articles 243->253, gql 232->242, buttons 0->0, height 23652->24613, clicked 0
    ↳ load step 16: articles 253->274, gql 242->263, buttons 0->42, height 24613->26696, clicked 1
    ↳ load step 29: articles 655->679, gql 644->668, buttons 0->0, height 68252->70741, clicked 1
    ↳ load step 17: articles 274->301, gql 263->290, buttons 42->0, height 26696->29248, clicked 1
    ↳ load step 18: articles 301->311, gql 290->300, buttons 0->0, height 29248->30564, clicked 0
    ↳ load step 19: articles 311->322, gql 300->311, buttons 0->0, height 30564->31745, clicked 1
    ↳ load step 20: articles 322->332, gql 311->321, buttons 0->0, height 31745->32823, clicked 0
    ↳ load step 30: articles 679->729, gql 668->718, buttons 0->0, height 70741->75916, clicked 2
    ↳ load step 21: articles 332->348, gql 321->337, buttons 0->0, height 32823->34556, clicked 2
    ↳ load step 31: articles 729->739, gql 718->728, buttons 0->0, height 75916->76817, clicked 0
    ↳ load step 22: articles 348->358, gql 337->347, buttons 0->0, height 34556->35634, clicked 0
    ↳ load step 23: articles 358->368, gql 347->357, buttons 0->0, height 35634->36515, clicked 0
    ↳ load step 32: articles 739->750, gql 728->739, buttons 0->0, height 76817->77919, clicked 1
    ↳ load step 24: articles 368->378, gql 357->367, buttons 0->0, height 36515->37455, clicked 0
    ↳ load step 25: articles 378->388, gql 367->377, buttons 0->0, height 37455->38832, clicked 0
    ↳ load step 26: articles 388->398, gql 377->387, buttons 0->0, height 38832->39712, clicked 0
    ↳ load step 33: articles 750->771, gql 739->760, buttons 0->0, height 77919->80006, clicked 1
    ↳ load step 27: articles 398->408, gql 387->397, buttons 0->0, height 39712->40673, clicked 0
    ↳ load step 28: articles 408->430, gql 397->419, buttons 0->0, height 40673->42690, clicked 1
    ↳ load step 29: articles 430->440, gql 419->429, buttons 0->0, height 42690->43650, clicked 0
    ↳ load step 30: articles 440->450, gql 429->439, buttons 0->0, height 43650->44571, clicked 0
    ↳ load step 34: articles 771->786, gql 760->775, buttons 0->0, height 80006->81534, clicked 3
    ↳ load step 31: articles 450->460, gql 439->449, buttons 0->0, height 44571->45511, clicked 0
    ↳ load step 32: articles 460->474, gql 449->463, buttons 0->0, height 45511->46884, clicked 1
    ↳ load step 33: articles 474->484, gql 463->473, buttons 0->0, height 46884->47825, clicked 0
    ↳ load step 34: articles 484->494, gql 473->483, buttons 0->0, height 47825->48983, clicked 0
    ↳ load step 35: articles 786->811, gql 775->800, buttons 0->0, height 81534->84085, clicked 1
    ↳ load step 35: articles 494->506, gql 483->495, buttons 0->0, height 48983->50160, clicked 1
    ↳ load step 36: articles 506->516, gql 495->505, buttons 0->0, height 50160->51318, clicked 0
    ↳ load step 37: articles 516->526, gql 505->515, buttons 0->0, height 51318->52477, clicked 0
    ↳ load step 38: articles 526->548, gql 515->537, buttons 0->0, height 52477->54614, clicked 1
    ↳ load step 36: articles 811->859, gql 800->848, buttons 0->0, height 84085->88964, clicked 3
    ↳ load step 39: articles 548->562, gql 537->551, buttons 0->0, height 54614->55987, clicked 1
    ↳ load step 40: articles 562->574, gql 551->563, buttons 0->0, height 55987->57366, clicked 1
    ↳ load step 37: articles 859->871, gql 848->860, buttons 0->0, height 88964->90327, clicked 1
    ↳ load step 41: articles 574->585, gql 563->574, buttons 0->0, height 57366->58469, clicked 1
    ↳ load step 42: articles 585->609, gql 574->598, buttons 0->0, height 58469->60842, clicked 1
    ↳ load step 43: articles 609->619, gql 598->608, buttons 0->0, height 60842->62001, clicked 0
    ↳ load step 44: articles 619->631, gql 608->620, buttons 0->0, height 62001->63197, clicked 1
    ↳ load step 45: articles 631->652, gql 620->641, buttons 0->0, height 63197->65325, clicked 2
    ↳ load step 46: articles 652->664, gql 641->653, buttons 0->0, height 65325->66481, clicked 1
    ↳ load step 38: articles 871->939, gql 860->928, buttons 0->0, height 90327->97412, clicked 1
    ↳ load step 47: articles 664->688, gql 653->677, buttons 0->0, height 66481->68815, clicked 1
    ↳ load step 48: articles 688->700, gql 677->689, buttons 0->0, height 68815->69991, clicked 1
    ↳ load step 39: articles 939->965, gql 928->954, buttons 0->0, height 97412->99978, clicked 2
    ↳ load step 40: articles 965->979, gql 954->968, buttons 0->0, height 99978->101419, clicked 2
    ↳ load step 41: articles 979->993, gql 968->982, buttons 0->0, height 101419->102839, clicked 2
    ↳ load step 42: articles 993->1004, gql 982->993, buttons 0->0, height 102839->104002, clicked 1
    ↳ load step 49: articles 700->714, gql 689->703, buttons 0->42, height 69991->71614, clicked 2
    ↳ load step 50: articles 714->726, gql 703->715, buttons 42->0, height 71614->72779, clicked 1
    ↳ load step 51: articles 726->736, gql 715->725, buttons 0->0, height 72779->73719, clicked 0
    ↳ load step 52: articles 736->748, gql 725->737, buttons 0->0, height 73719->75114, clicked 1
    ↳ load step 43: articles 1004->1034, gql 993->1023, buttons 0->0, height 104002->107168, clicked 3
    ↳ load step 53: articles 748->759, gql 737->748, buttons 0->0, height 75114->76454, clicked 1
    ↳ load step 54: articles 759->771, gql 748->760, buttons 0->0, height 76454->77829, clicked 1
    ↳ load step 44: articles 1034->1049, gql 1023->1038, buttons 0->0, height 107168->108731, clicked 2
    ↳ load step 55: articles 771->785, gql 760->774, buttons 0->0, height 77829->79262, clicked 2
    ↳ load step 56: articles 785->806, gql 774->795, buttons 0->42, height 79262->81357, clicked 1
    ↳ load step 45: articles 1049->1060, gql 1038->1049, buttons 0->0, height 108731->109774, clicked 1
    ↳ load step 57: articles 806->831, gql 795->820, buttons 42->0, height 81357->83820, clicked 2
    ↳ load step 58: articles 831->844, gql 820->833, buttons 0->0, height 83820->85119, clicked 1
    ↳ load step 59: articles 844->856, gql 833->845, buttons 0->0, height 85119->86276, clicked 1
    ↳ load step 60: articles 856->866, gql 845->855, buttons 0->0, height 86276->87236, clicked 0
    ↳ load step 61: articles 866->879, gql 855->868, buttons 0->0, height 87236->88575, clicked 2
    ↳ load step 62: articles 879->891, gql 868->880, buttons 0->0, height 88575->89712, clicked 1
    ↳ load step 63: articles 891->901, gql 880->890, buttons 0->0, height 89712->90652, clicked 0
    ↳ load step 64: articles 901->911, gql 890->900, buttons 0->0, height 90652->91553, clicked 0
    ↳ load step 46: articles 1060->1071, gql 1049->1060, buttons 0->0, height 109774->110889, clicked 2
    ↳ load step 65: articles 911->923, gql 900->912, buttons 0->0, height 91553->92710, clicked 1
    ↳ load step 66: articles 923->934, gql 912->923, buttons 0->0, height 92710->93852, clicked 1
    ↳ load step 67: articles 934->944, gql 923->933, buttons 0->0, height 93852->94793, clicked 0
    ↳ load step 47: articles 1071->1097, gql 1060->1086, buttons 0->0, height 110889->113570, clicked 3
    ↳ load step 68: articles 944->955, gql 933->944, buttons 0->0, height 94793->95915, clicked 1
    ↳ load step 69: articles 955->967, gql 944->956, buttons 0->0, height 95915->97092, clicked 1
    ↳ load step 48: articles 1097->1109, gql 1086->1098, buttons 0->0, height 113570->114735, clicked 1
    ↳ load step 70: articles 967->979, gql 956->968, buttons 0->0, height 97092->98248, clicked 1
    ↳ load step 71: articles 979->990, gql 968->979, buttons 0->0, height 98248->99331, clicked 1
    ↳ load step 72: articles 990->1015, gql 979->1004, buttons 0->0, height 99331->101827, clicked 1
    ↳ load step 73: articles 1015->1025, gql 1004->1014, buttons 0->0, height 101827->102787, clicked 0
    ↳ load step 74: articles 1025->1037, gql 1014->1026, buttons 0->0, height 102787->103924, clicked 1
    ↳ load step 75: articles 1037->1047, gql 1026->1036, buttons 0->0, height 103924->104864, clicked 0
    ↳ load step 76: articles 1047->1057, gql 1036->1046, buttons 0->0, height 104864->105825, clicked 0
    ↳ load step 77: articles 1057->1068, gql 1046->1057, buttons 0->0, height 105825->106827, clicked 1
    ↳ load step 78: articles 1068->1079, gql 1057->1068, buttons 0->0, height 106827->107910, clicked 1
    ↳ load step 49: articles 1109->1112, gql 1098->1101, buttons 0->0, height 114735->114721, clicked 1
    ↳ load step 79: articles 1079->1090, gql 1068->1079, buttons 0->0, height 107910->109012, clicked 1
    ↳ load step 80: articles 1090->1100, gql 1079->1089, buttons 0->0, height 109012->109973, clicked 0
    ↳ load step 81: articles 1100->1110, gql 1089->1099, buttons 0->0, height 109973->110853, clicked 0
    ↳ load step 82: articles 1110->1120, gql 1099->1109, buttons 0->0, height 110853->111814, clicked 0
    ↳ load step 83: articles 1120->1143, gql 1109->1132, buttons 0->0, height 111814->114005, clicked 1
    ↳ load step 84: articles 1143->1153, gql 1132->1142, buttons 0->0, height 114005->115104, clicked 0
    ↳ load step 85: articles 1153->1173, gql 1142->1162, buttons 0->0, height 115104->117584, clicked 0
    ↳ load step 50: articles 1112->1113, gql 1101->1102, buttons 0->0, height 114721->114831, clicked 1
    ↳ load step 86: articles 1173->1193, gql 1162->1182, buttons 0->0, height 117584->119643, clicked 0
    ↳ load step 51: articles 1113->1113, gql 1102->1102, buttons 0->0, height 114831->114831, clicked 0
    ↳ load step 87: articles 1193->1203, gql 1182->1192, buttons 0->0, height 119643->120761, clicked 0
    ↳ load step 88: articles 1203->1206, gql 1192->1195, buttons 0->0, height 120761->120871, clicked 0
    ↳ load step 52: articles 1113->1113, gql 1102->1102, buttons 0->0, height 114831->114831, clicked 0
    ↳ load step 89: articles 1206->1206, gql 1195->1195, buttons 0->0, height 120871->120871, clicked 0
    ↳ load step 53: articles 1113->1113, gql 1102->1102, buttons 0->0, height 114831->114831, clicked 0
    ↳ load step 90: articles 1206->1206, gql 1195->1195, buttons 0->0, height 120871->120871, clicked 0
    ↳ load step 54: articles 1113->1113, gql 1102->1102, buttons 0->0, height 114831->114831, clicked 0
    ↳ load step 91: articles 1206->1206, gql 1195->1195, buttons 0->0, height 120871->120871, clicked 0
    ↳ load step 92: articles 1206->1206, gql 1195->1195, buttons 0->0, height 120871->120871, clicked 0
    [W1] → Thu thập được 1102 comments
[Priority recrawl] Tiến độ: 5/26464 (post 2429556830876470: done)
  [writer] Đã ghi 6706 comments → /Users/huongquadeo/Desktop/GraphQL Group/fb-group-crawler/data/804858320013004/comments.csv
  [writer] Đã ghi 45 file comment theo post → /Users/huongquadeo/Desktop/GraphQL Group/fb-group-crawler/data/804858320013004/comments
[Priority recrawl] Post 2429556830876470 mới lấy 1102/1718 (~64%), sẽ crawl lại ở lần chạy sau

[Nhịp nghỉ] Đã crawl liên tục 30 phút, nghỉ 0 phút (tới 17:28:40)...


[Nhịp nghỉ] Nghỉ xong, crawl tiếp.

  [7/70] [W1] Post 2484016422097177 (1635 comments expected)
    [W2] → Thu thập được 1195 comments
[Priority recrawl] Tiến độ: 6/26464 (post 2430118194153667: done)
  [writer] Đã ghi 7891 comments → /Users/huongquadeo/Desktop/GraphQL Group/fb-group-crawler/data/804858320013004/comments.csv
  [writer] Đã ghi 45 file comment theo post → /Users/huongquadeo/Desktop/GraphQL Group/fb-group-crawler/data/804858320013004/comments
    → Bỏ qua đổi filter All comments để tránh lỗi unavailable
  [8/70] [W2] Post 2459719837860169 (1598 comments expected)
    ↳ load step 1: articles 13->25, gql 2->14, buttons 0->0, height 1713->2889, clicked 1
    → Bỏ qua đổi filter All comments để tránh lỗi unavailable
    ↳ load step 2: articles 25->37, gql 14->26, buttons 0->0, height 2889->4046, clicked 1
    ↳ load step 1: articles 11->32, gql 0->21, buttons 0->0, height 2048->4063, clicked 1
    ↳ load step 3: articles 37->47, gql 26->36, buttons 0->0, height 4046->4986, clicked 0
    ↳ load step 2: articles 32->43, gql 21->32, buttons 0->0, height 4063->5114, clicked 1
    ↳ load step 4: articles 47->57, gql 36->46, buttons 0->0, height 4986->5927, clicked 0
    ↳ load step 5: articles 57->67, gql 46->56, buttons 0->0, height 5927->6847, clicked 0
    ↳ load step 3: articles 43->65, gql 32->54, buttons 0->42, height 5114->7263, clicked 1
    ↳ load step 6: articles 67->79, gql 56->68, buttons 0->0, height 6847->8044, clicked 1
    ↳ load step 4: articles 65->87, gql 54->76, buttons 42->0, height 7263->9448, clicked 2
    ↳ load step 5: articles 87->100, gql 76->89, buttons 0->0, height 9448->10815, clicked 2
    ↳ load step 7: articles 79->106, gql 68->95, buttons 0->0, height 8044->10636, clicked 2
    ↳ load step 8: articles 106->116, gql 95->105, buttons 0->0, height 10636->11576, clicked 0
    ↳ load step 6: articles 100->112, gql 89->101, buttons 0->0, height 10815->12080, clicked 1
    ↳ load step 9: articles 116->126, gql 105->115, buttons 0->0, height 11576->12477, clicked 0
    ↳ load step 7: articles 112->122, gql 101->111, buttons 0->0, height 12080->13020, clicked 0
    ↳ load step 10: articles 126->136, gql 115->125, buttons 0->0, height 12477->13437, clicked 0
    ↳ load step 8: articles 122->143, gql 111->132, buttons 0->0, height 13020->15107, clicked 1
    ↳ load step 11: articles 136->147, gql 125->136, buttons 0->0, height 13437->14520, clicked 1
    ↳ load step 9: articles 143->155, gql 132->144, buttons 0->0, height 15107->16268, clicked 1
    ↳ load step 12: articles 147->159, gql 136->148, buttons 0->0, height 14520->15784, clicked 1
    ↳ load step 10: articles 155->165, gql 144->154, buttons 0->0, height 16268->17387, clicked 0
    ↳ load step 13: articles 159->169, gql 148->158, buttons 0->0, height 15784->16745, clicked 0
    ↳ load step 11: articles 165->175, gql 154->164, buttons 0->0, height 17387->18247, clicked 0
    ↳ load step 12: articles 175->185, gql 164->174, buttons 0->0, height 18247->19386, clicked 0
    ↳ load step 13: articles 185->195, gql 174->184, buttons 0->0, height 19386->20306, clicked 0
    ↳ load step 14: articles 169->195, gql 158->184, buttons 0->0, height 16745->19411, clicked 3
    ↳ load step 14: articles 195->206, gql 184->195, buttons 0->0, height 20306->21349, clicked 1
    ↳ load step 15: articles 195->207, gql 184->196, buttons 0->0, height 19411->20655, clicked 2
    ↳ load step 15: articles 206->216, gql 195->205, buttons 0->0, height 21349->22447, clicked 0
    ↳ load step 16: articles 207->217, gql 196->206, buttons 0->0, height 20655->21596, clicked 0
    ↳ load step 16: articles 216->226, gql 205->215, buttons 0->0, height 22447->23586, clicked 0
    ↳ load step 17: articles 226->236, gql 215->225, buttons 0->0, height 23586->24526, clicked 0
    ↳ load step 18: articles 236->246, gql 225->235, buttons 0->0, height 24526->25665, clicked 0
    ↳ load step 17: articles 217->231, gql 206->220, buttons 0->0, height 21596->22949, clicked 1
    ↳ load step 19: articles 246->258, gql 235->247, buttons 0->0, height 25665->26821, clicked 1
    ↳ load step 18: articles 231->253, gql 220->242, buttons 0->0, height 22949->25046, clicked 1
    ↳ load step 20: articles 258->268, gql 247->257, buttons 0->0, height 26821->27742, clicked 0
    ↳ load step 21: articles 268->278, gql 257->267, buttons 0->0, height 27742->28860, clicked 0
    ↳ load step 22: articles 278->289, gql 267->278, buttons 0->0, height 28860->29963, clicked 1
    ↳ load step 23: articles 289->310, gql 278->299, buttons 0->0, height 29963->32144, clicked 1
    ↳ load step 24: articles 310->320, gql 299->309, buttons 0->0, height 32144->33105, clicked 0
    ↳ load step 19: articles 253->305, gql 242->294, buttons 0->0, height 25046->30511, clicked 2
    ↳ load step 25: articles 320->331, gql 309->320, buttons 0->0, height 33105->34345, clicked 1
    ↳ load step 20: articles 305->315, gql 294->304, buttons 0->0, height 30511->31472, clicked 0
    ↳ load step 21: articles 315->325, gql 304->314, buttons 0->0, height 31472->32452, clicked 0
    ↳ load step 26: articles 331->354, gql 320->343, buttons 0->0, height 34345->36525, clicked 2
    ↳ load step 22: articles 325->346, gql 314->335, buttons 0->42, height 32452->34515, clicked 1
    ↳ load step 27: articles 354->366, gql 343->355, buttons 0->0, height 36525->37729, clicked 1
    ↳ load step 23: articles 346->359, gql 335->348, buttons 42->0, height 34515->35722, clicked 1
    ↳ load step 24: articles 359->383, gql 348->372, buttons 0->0, height 35722->38050, clicked 1
    ↳ load step 28: articles 366->409, gql 355->398, buttons 0->0, height 37729->41926, clicked 5
    ↳ load step 29: articles 409->420, gql 398->409, buttons 0->0, height 41926->42929, clicked 1
    ↳ load step 25: articles 383->409, gql 372->398, buttons 0->0, height 38050->40539, clicked 1
    ↳ load step 30: articles 420->434, gql 409->423, buttons 0->0, height 42929->44282, clicked 1
    ↳ load step 31: articles 434->444, gql 423->433, buttons 0->0, height 44282->45202, clicked 0
    ↳ load step 32: articles 444->468, gql 433->457, buttons 0->0, height 45202->47624, clicked 1
    ↳ load step 33: articles 468->479, gql 457->468, buttons 0->0, height 47624->48706, clicked 1
    ↳ load step 34: articles 479->490, gql 468->479, buttons 0->0, height 48706->49835, clicked 1
    ↳ load step 26: articles 409->421, gql 398->410, buttons 0->0, height 40539->41716, clicked 2
    ↳ load step 35: articles 490->502, gql 479->491, buttons 0->0, height 49835->51052, clicked 1
    ↳ load step 36: articles 502->512, gql 491->501, buttons 0->0, height 51052->51992, clicked 0
    ↳ load step 27: articles 421->447, gql 410->436, buttons 0->0, height 41716->44342, clicked 3
    ↳ load step 37: articles 512->535, gql 501->524, buttons 0->0, height 51992->54092, clicked 1
    ↳ load step 38: articles 535->545, gql 524->534, buttons 0->0, height 54092->54972, clicked 0
    ↳ load step 28: articles 447->460, gql 436->449, buttons 0->0, height 44342->45641, clicked 1
    ↳ load step 39: articles 545->556, gql 534->545, buttons 0->0, height 54972->56015, clicked 1
    ↳ load step 29: articles 460->471, gql 449->460, buttons 0->0, height 45641->46703, clicked 1
    ↳ load step 40: articles 556->567, gql 545->556, buttons 0->0, height 56015->57057, clicked 1
    ↳ load step 30: articles 471->487, gql 460->476, buttons 0->0, height 46703->48312, clicked 2
    ↳ load step 41: articles 567->580, gql 556->569, buttons 0->0, height 57057->58356, clicked 2
    ↳ load step 42: articles 580->592, gql 569->581, buttons 0->0, height 58356->59473, clicked 1
    ↳ load step 31: articles 487->502, gql 476->491, buttons 0->0, height 48312->49847, clicked 2
    ↳ load step 43: articles 592->604, gql 581->593, buttons 0->0, height 59473->60610, clicked 1
    ↳ load step 32: articles 502->516, gql 491->505, buttons 0->0, height 49847->51300, clicked 1
    ↳ load step 44: articles 604->616, gql 593->605, buttons 0->0, height 60610->61746, clicked 1
    ↳ load step 45: articles 616->626, gql 605->615, buttons 0->0, height 61746->62667, clicked 0
    ↳ load step 33: articles 516->530, gql 505->519, buttons 0->0, height 51300->52633, clicked 1
    ↳ load step 46: articles 626->636, gql 615->625, buttons 0->0, height 62667->63567, clicked 0
    ↳ load step 34: articles 530->540, gql 519->529, buttons 0->0, height 52633->53553, clicked 0
    ↳ load step 47: articles 636->646, gql 625->635, buttons 0->0, height 63567->64448, clicked 0
    ↳ load step 35: articles 540->561, gql 529->550, buttons 0->0, height 53553->55576, clicked 1
    ↳ load step 48: articles 646->659, gql 635->648, buttons 0->0, height 64448->65707, clicked 2
    ↳ load step 49: articles 659->671, gql 648->660, buttons 0->0, height 65707->66823, clicked 1
    ↳ load step 36: articles 561->575, gql 550->564, buttons 0->0, height 55576->56969, clicked 1
    ↳ load step 50: articles 671->681, gql 660->670, buttons 0->0, height 66823->67764, clicked 0
    ↳ load step 37: articles 575->587, gql 564->576, buttons 0->0, height 56969->58134, clicked 1
    ↳ load step 51: articles 681->691, gql 670->680, buttons 0->0, height 67764->68724, clicked 0
    ↳ load step 38: articles 587->597, gql 576->586, buttons 0->0, height 58134->59075, clicked 0
    ↳ load step 52: articles 691->701, gql 680->690, buttons 0->0, height 68724->69671, clicked 0
    ↳ load step 39: articles 597->609, gql 586->598, buttons 0->0, height 59075->60211, clicked 1
    ↳ load step 40: articles 609->645, gql 598->634, buttons 0->0, height 60211->63581, clicked 1
    ↳ load step 41: articles 645->655, gql 634->644, buttons 0->0, height 63581->64570, clicked 0
    ↳ load step 42: articles 655->667, gql 644->656, buttons 0->0, height 64570->65727, clicked 1
    ↳ load step 43: articles 667->679, gql 656->668, buttons 0->0, height 65727->66903, clicked 1
    ↳ load step 53: articles 701->714, gql 690->703, buttons 0->0, height 69671->70873, clicked 2
    ↳ load step 44: articles 679->702, gql 668->691, buttons 0->0, height 66903->69083, clicked 1
    ↳ load step 45: articles 702->714, gql 691->703, buttons 0->0, height 69083->70199, clicked 1
    ↳ load step 54: articles 714->748, gql 703->737, buttons 0->0, height 70873->74183, clicked 1
    ↳ load step 55: articles 748->758, gql 737->747, buttons 0->0, height 74183->75104, clicked 0
    ↳ load step 46: articles 714->734, gql 703->723, buttons 0->0, height 70199->72289, clicked 3
    ↳ load step 56: articles 758->781, gql 747->770, buttons 0->0, height 75104->77315, clicked 1
    ↳ load step 57: articles 781->791, gql 770->780, buttons 0->0, height 77315->78235, clicked 0
    ↳ load step 47: articles 734->745, gql 723->734, buttons 0->0, height 72289->73400, clicked 1
    ↳ load step 58: articles 791->801, gql 780->790, buttons 0->0, height 78235->79176, clicked 0
    ↳ load step 48: articles 745->756, gql 734->745, buttons 0->0, height 73400->74482, clicked 1
    ↳ load step 59: articles 801->811, gql 790->800, buttons 0->0, height 79176->80116, clicked 0
    ↳ load step 49: articles 756->777, gql 745->766, buttons 0->0, height 74482->76485, clicked 1
    ↳ load step 60: articles 811->832, gql 800->821, buttons 0->0, height 80116->82132, clicked 1
    ↳ load step 61: articles 832->855, gql 821->844, buttons 0->0, height 82132->84279, clicked 2
    ↳ load step 50: articles 777->799, gql 766->788, buttons 0->0, height 76485->78631, clicked 1
    ↳ load step 62: articles 855->865, gql 844->854, buttons 0->0, height 84279->85219, clicked 0
    ↳ load step 51: articles 799->811, gql 788->800, buttons 0->0, height 78631->79767, clicked 1
    ↳ load step 63: articles 865->875, gql 854->864, buttons 0->0, height 85219->86160, clicked 0
    ↳ load step 52: articles 811->832, gql 800->821, buttons 0->75, height 79767->81878, clicked 1
    ↳ load step 64: articles 875->887, gql 864->876, buttons 0->0, height 86160->87365, clicked 1
    ↳ load step 65: articles 887->899, gql 876->888, buttons 0->0, height 87365->88561, clicked 1
    ↳ load step 66: articles 899->921, gql 888->910, buttons 0->0, height 88561->90726, clicked 1
    ↳ load step 67: articles 921->943, gql 910->932, buttons 0->0, height 90726->92784, clicked 1
    ↳ load step 68: articles 943->965, gql 932->954, buttons 0->42, height 92784->94813, clicked 1
    ↳ load step 53: articles 832->950, gql 821->939, buttons 75->0, height 81878->94035, clicked 5
    ↳ load step 69: articles 965->993, gql 954->982, buttons 42->0, height 94813->97527, clicked 1
    ↳ load step 70: articles 993->1003, gql 982->992, buttons 0->0, height 97527->98427, clicked 0
    ↳ load step 54: articles 950->969, gql 939->958, buttons 0->0, height 94035->95991, clicked 3
    ↳ load step 71: articles 1003->1015, gql 992->1004, buttons 0->0, height 98427->99584, clicked 1
    ↳ load step 72: articles 1015->1025, gql 1004->1014, buttons 0->0, height 99584->100484, clicked 0
    ↳ load step 73: articles 1025->1037, gql 1014->1026, buttons 0->0, height 100484->101661, clicked 1
    ↳ load step 74: articles 1037->1047, gql 1026->1036, buttons 0->0, height 101661->102641, clicked 0
    ↳ load step 75: articles 1047->1057, gql 1036->1046, buttons 0->0, height 102641->103562, clicked 0
    ↳ load step 76: articles 1057->1079, gql 1046->1068, buttons 0->0, height 103562->105619, clicked 1
    ↳ load step 77: articles 1079->1103, gql 1068->1092, buttons 0->0, height 105619->107940, clicked 2
    ↳ load step 55: articles 969->982, gql 958->971, buttons 0->42, height 95991->97370, clicked 2
    ↳ load step 78: articles 1103->1113, gql 1092->1102, buttons 0->0, height 107940->108841, clicked 0
    ↳ load step 79: articles 1113->1126, gql 1102->1115, buttons 0->0, height 108841->110092, clicked 1
    ↳ load step 56: articles 982->1001, gql 971->990, buttons 42->0, height 97370->99191, clicked 3
    ↳ load step 80: articles 1126->1137, gql 1115->1126, buttons 0->0, height 110092->111154, clicked 1
    ↳ load step 81: articles 1137->1138, gql 1126->1127, buttons 0->0, height 111154->110970, clicked 0
    ↳ load step 57: articles 1001->1015, gql 990->1004, buttons 0->0, height 99191->100552, clicked 1
    ↳ load step 82: articles 1138->1138, gql 1127->1127, buttons 0->0, height 110970->110970, clicked 0
    ↳ load step 58: articles 1015->1026, gql 1004->1015, buttons 0->0, height 100552->101603, clicked 1
    ↳ load step 83: articles 1138->1138, gql 1127->1127, buttons 0->0, height 110970->110970, clicked 0
    ↳ load step 84: articles 1138->1138, gql 1127->1127, buttons 0->0, height 110970->110970, clicked 0
    ↳ load step 59: articles 1026->1038, gql 1015->1027, buttons 0->0, height 101603->102720, clicked 1
    ↳ load step 85: articles 1138->1138, gql 1127->1127, buttons 0->0, height 110970->110970, clicked 0
    [W2] → Thu thập được 1127 comments
[Priority recrawl] Tiến độ: 7/26464 (post 2459719837860169: done)
  [writer] Đã ghi 8998 comments → /Users/huongquadeo/Desktop/GraphQL Group/fb-group-crawler/data/804858320013004/comments.csv
  [writer] Đã ghi 45 file comment theo post → /Users/huongquadeo/Desktop/GraphQL Group/fb-group-crawler/data/804858320013004/comments
  [9/70] [W2] Post 27650018088018141 (1596 comments expected)
    → Bỏ qua đổi filter All comments để tránh lỗi unavailable
    ↳ load step 1: articles 13->33, gql 2->22, buttons 53->0, height 1965->3946, clicked 4
    ↳ load step 2: articles 33->43, gql 22->32, buttons 0->0, height 3946->4907, clicked 0
    ↳ load step 60: articles 1038->1091, gql 1027->1080, buttons 0->0, height 102720->108070, clicked 2
    ↳ load step 3: articles 43->66, gql 32->55, buttons 0->0, height 4907->7306, clicked 1
    ↳ load step 4: articles 66->76, gql 55->65, buttons 0->0, height 7306->8406, clicked 0
    ↳ load step 61: articles 1091->1104, gql 1080->1093, buttons 0->0, height 108070->109223, clicked 2
    ↳ load step 5: articles 76->88, gql 65->77, buttons 0->0, height 8406->9663, clicked 1
    ↳ load step 62: articles 1104->1104, gql 1093->1093, buttons 0->0, height 109223->109223, clicked 0
    ↳ load step 6: articles 88->101, gql 77->90, buttons 0->0, height 9663->10942, clicked 2
    ↳ load step 7: articles 101->111, gql 90->100, buttons 0->0, height 10942->11902, clicked 0
    ↳ load step 63: articles 1104->1104, gql 1093->1093, buttons 0->0, height 109223->109223, clicked 0
    ↳ load step 8: articles 111->135, gql 100->124, buttons 0->0, height 11902->14095, clicked 1
    ↳ load step 64: articles 1104->1104, gql 1093->1093, buttons 0->0, height 109223->109223, clicked 0
    ↳ load step 65: articles 1104->1104, gql 1093->1093, buttons 0->0, height 109223->109223, clicked 0
    [W1] → Thu thập được 1093 comments
[Priority recrawl] Tiến độ: 8/26464 (post 2484016422097177: done)
  [writer] Đã ghi 10081 comments → /Users/huongquadeo/Desktop/GraphQL Group/fb-group-crawler/data/804858320013004/comments.csv
  [writer] Đã ghi 45 file comment theo post → /Users/huongquadeo/Desktop/GraphQL Group/fb-group-crawler/data/804858320013004/comments
[Priority recrawl] Post 2484016422097177 mới lấy 1093/1635 (~67%), sẽ crawl lại ở lần chạy sau
  [10/70] [W1] Post 1726362142121706 (1591 comments expected)
    ↳ load step 9: articles 135->188, gql 124->177, buttons 0->0, height 14095->19345, clicked 4
    → Bỏ qua đổi filter All comments để tránh lỗi unavailable
    ↳ load step 10: articles 188->202, gql 177->191, buttons 0->0, height 19345->20718, clicked 2
    ↳ load step 1: articles 11->37, gql 0->26, buttons 0->0, height 2164->4769, clicked 2
    ↳ load step 11: articles 202->213, gql 191->202, buttons 0->0, height 20718->21781, clicked 1
    ↳ load step 2: articles 37->75, gql 26->64, buttons 0->0, height 4769->8596, clicked 2
    ↳ load step 3: articles 75->85, gql 64->74, buttons 0->0, height 8596->9716, clicked 0
    ↳ load step 12: articles 213->249, gql 202->238, buttons 0->0, height 21781->25207, clicked 3
    ↳ load step 4: articles 85->96, gql 74->85, buttons 0->0, height 9716->10719, clicked 1
    ↳ load step 13: articles 249->261, gql 238->250, buttons 0->0, height 25207->26364, clicked 1
    ↳ load step 5: articles 96->116, gql 85->105, buttons 0->0, height 10719->12679, clicked 0
    ↳ load step 6: articles 116->130, gql 105->119, buttons 0->0, height 12679->14032, clicked 1
    ↳ load step 7: articles 130->191, gql 119->180, buttons 0->0, height 14032->20419, clicked 8
    ↳ load step 8: articles 191->215, gql 180->204, buttons 0->0, height 20419->22652, clicked 1
    ↳ load step 14: articles 261->311, gql 250->300, buttons 0->0, height 26364->31215, clicked 2
    ↳ load step 9: articles 215->229, gql 204->218, buttons 0->0, height 22652->24005, clicked 1
    ↳ load step 15: articles 311->323, gql 300->312, buttons 0->0, height 31215->32420, clicked 1
    ↳ load step 10: articles 229->240, gql 218->229, buttons 0->0, height 24005->25028, clicked 1
    ↳ load step 16: articles 323->333, gql 312->322, buttons 0->0, height 32420->33320, clicked 0
    ↳ load step 11: articles 240->252, gql 229->241, buttons 0->0, height 25028->26184, clicked 1
    ↳ load step 12: articles 252->262, gql 241->251, buttons 0->0, height 26184->27085, clicked 0
    ↳ load step 17: articles 333->345, gql 322->334, buttons 0->0, height 33320->34545, clicked 1
    ↳ load step 13: articles 262->274, gql 251->263, buttons 0->0, height 27085->28262, clicked 1
    ↳ load step 18: articles 345->355, gql 334->344, buttons 0->0, height 34545->35465, clicked 0
    ↳ load step 19: articles 355->388, gql 344->377, buttons 0->0, height 35465->38593, clicked 2
    ↳ load step 14: articles 274->313, gql 263->302, buttons 0->0, height 28262->32090, clicked 1
    ↳ load step 20: articles 388->398, gql 377->387, buttons 0->0, height 38593->39494, clicked 0
    ↳ load step 21: articles 398->408, gql 387->397, buttons 0->0, height 39494->40374, clicked 0
    ↳ load step 22: articles 408->420, gql 397->409, buttons 0->0, height 40374->41551, clicked 1
    ↳ load step 15: articles 313->339, gql 302->328, buttons 0->0, height 32090->34480, clicked 1
    ↳ load step 16: articles 339->351, gql 328->340, buttons 0->0, height 34480->35596, clicked 1
    ↳ load step 23: articles 420->456, gql 409->445, buttons 0->0, height 41551->45009, clicked 1
    ↳ load step 24: articles 456->468, gql 445->457, buttons 0->0, height 45009->46134, clicked 1
    ↳ load step 17: articles 351->376, gql 340->365, buttons 0->0, height 35596->37972, clicked 1
    ↳ load step 18: articles 376->386, gql 365->375, buttons 0->0, height 37972->38912, clicked 0
    ↳ load step 25: articles 468->480, gql 457->469, buttons 0->0, height 46134->47231, clicked 1
    ↳ load step 19: articles 386->396, gql 375->385, buttons 0->0, height 38912->39833, clicked 0
    ↳ load step 26: articles 480->494, gql 469->483, buttons 0->0, height 47231->48544, clicked 1
    ↳ load step 20: articles 396->413, gql 385->402, buttons 0->0, height 39833->42038, clicked 3
    ↳ load step 27: articles 494->504, gql 483->493, buttons 0->0, height 48544->49404, clicked 0
    ↳ load step 28: articles 504->516, gql 493->505, buttons 0->0, height 49404->50561, clicked 1
    ↳ load step 29: articles 516->528, gql 505->517, buttons 0->0, height 50561->51698, clicked 1
    ↳ load step 30: articles 528->539, gql 517->528, buttons 0->0, height 51698->52748, clicked 1
    ↳ load step 31: articles 539->550, gql 528->539, buttons 0->0, height 52748->53771, clicked 1
    ↳ load step 32: articles 550->562, gql 539->551, buttons 0->0, height 53771->54888, clicked 1
    ↳ load step 21: articles 413->431, gql 402->420, buttons 0->42, height 42038->43739, clicked 2
    ↳ load step 33: articles 562->573, gql 551->562, buttons 0->0, height 54888->55910, clicked 1
    ↳ load step 34: articles 573->585, gql 562->574, buttons 0->0, height 55910->57007, clicked 1
    ↳ load step 22: articles 431->450, gql 420->439, buttons 42->0, height 43739->45663, clicked 4
    ↳ load step 35: articles 585->597, gql 574->586, buttons 0->0, height 57007->58144, clicked 1
    ↳ load step 36: articles 597->611, gql 586->600, buttons 0->0, height 58144->59477, clicked 1
    ↳ load step 37: articles 611->621, gql 600->610, buttons 0->0, height 59477->60417, clicked 0
    ↳ load step 38: articles 621->633, gql 610->622, buttons 0->0, height 60417->61554, clicked 1
    ↳ load step 23: articles 450->515, gql 439->504, buttons 0->0, height 45663->52317, clicked 5
    ↳ load step 39: articles 633->645, gql 622->634, buttons 0->0, height 61554->62631, clicked 1
    ↳ load step 40: articles 645->656, gql 634->645, buttons 0->0, height 62631->63613, clicked 1
    ↳ load step 24: articles 515->536, gql 504->525, buttons 0->0, height 52317->54541, clicked 3
    ↳ load step 41: articles 656->666, gql 645->655, buttons 0->0, height 63613->64494, clicked 0
    ↳ load step 42: articles 666->689, gql 655->678, buttons 0->0, height 64494->66549, clicked 1
    ↳ load step 43: articles 689->725, gql 678->714, buttons 0->0, height 66549->69939, clicked 1
    ↳ load step 44: articles 725->737, gql 714->726, buttons 0->0, height 69939->71076, clicked 1
    ↳ load step 45: articles 737->747, gql 726->736, buttons 0->0, height 71076->71976, clicked 0
    ↳ load step 25: articles 536->549, gql 525->538, buttons 0->42, height 54541->55892, clicked 2
    ↳ load step 26: articles 549->573, gql 538->562, buttons 42->0, height 55892->58021, clicked 2
    ↳ load step 46: articles 747->771, gql 736->760, buttons 0->0, height 71976->74198, clicked 1
    ↳ load step 27: articles 573->584, gql 562->573, buttons 0->0, height 58021->59044, clicked 1
    ↳ load step 28: articles 584->594, gql 573->583, buttons 0->0, height 59044->60104, clicked 0
    ↳ load step 47: articles 771->782, gql 760->771, buttons 0->0, height 74198->75281, clicked 1
    ↳ load step 29: articles 594->604, gql 583->593, buttons 0->0, height 60104->60985, clicked 0
    ↳ load step 30: articles 604->616, gql 593->605, buttons 0->0, height 60985->62022, clicked 1
    ↳ load step 31: articles 616->626, gql 605->615, buttons 0->0, height 62022->62942, clicked 0
    ↳ load step 32: articles 626->638, gql 615->627, buttons 0->0, height 62942->64119, clicked 1
    ↳ load step 33: articles 638->651, gql 627->640, buttons 0->0, height 64119->65498, clicked 2
    ↳ load step 48: articles 782->855, gql 771->844, buttons 0->0, height 75281->81959, clicked 1
    ↳ load step 49: articles 855->865, gql 844->854, buttons 0->0, height 81959->82820, clicked 0
    ↳ load step 50: articles 865->876, gql 854->865, buttons 0->0, height 82820->83802, clicked 1
    ↳ load step 34: articles 651->695, gql 640->684, buttons 0->0, height 65498->69693, clicked 2
    ↳ load step 35: articles 695->705, gql 684->694, buttons 0->0, height 69693->70633, clicked 0
    ↳ load step 51: articles 876->889, gql 865->878, buttons 0->0, height 83802->85101, clicked 1
    ↳ load step 36: articles 705->717, gql 694->706, buttons 0->0, height 70633->71730, clicked 1
    ↳ load step 37: articles 717->729, gql 706->718, buttons 0->0, height 71730->72846, clicked 1
    ↳ load step 52: articles 889->903, gql 878->892, buttons 0->0, height 85101->86582, clicked 1
    ↳ load step 38: articles 729->753, gql 718->742, buttons 0->0, height 72846->75128, clicked 1
    ↳ load step 53: articles 903->916, gql 892->905, buttons 0->0, height 86582->87901, clicked 1
    ↳ load step 54: articles 916->926, gql 905->915, buttons 0->0, height 87901->88701, clicked 0
    ↳ load step 55: articles 926->938, gql 915->927, buttons 0->0, height 88701->89826, clicked 2
    ↳ load step 39: articles 753->803, gql 742->792, buttons 0->0, height 75128->79907, clicked 1
    ↳ load step 56: articles 938->948, gql 927->937, buttons 0->0, height 89826->90945, clicked 0
    ↳ load step 40: articles 803->813, gql 792->802, buttons 0->0, height 79907->80768, clicked 0
    ↳ load step 57: articles 948->972, gql 937->961, buttons 0->0, height 90945->93214, clicked 1
    ↳ load step 41: articles 813->839, gql 802->828, buttons 0->0, height 80768->83325, clicked 1
    ↳ load step 42: articles 839->850, gql 828->839, buttons 0->0, height 83325->84408, clicked 1
    ↳ load step 58: articles 972->999, gql 961->988, buttons 0->0, height 93214->95806, clicked 2
    ↳ load step 43: articles 850->864, gql 839->853, buttons 0->0, height 84408->85821, clicked 1
    ↳ load step 44: articles 864->878, gql 853->867, buttons 0->0, height 85821->87194, clicked 2
    ↳ load step 59: articles 999->1024, gql 988->1013, buttons 0->0, height 95806->98118, clicked 2
    ↳ load step 45: articles 878->903, gql 867->892, buttons 0->0, height 87194->89609, clicked 2
    ↳ load step 46: articles 903->913, gql 892->902, buttons 0->0, height 89609->90570, clicked 0
    ↳ load step 60: articles 1024->1066, gql 1013->1055, buttons 0->0, height 98118->102413, clicked 4
    ↳ load step 61: articles 1066->1090, gql 1055->1079, buttons 0->0, height 102413->104731, clicked 2
    ↳ load step 47: articles 913->954, gql 902->943, buttons 0->53, height 90570->94968, clicked 1
    ↳ load step 48: articles 954->980, gql 943->979, buttons 53->0, height 94968->97442, clicked 2
    ↳ load step 62: articles 1090->1119, gql 1079->1108, buttons 0->0, height 104731->107627, clicked 2
    ↳ load step 49: articles 980->992, gql 979->981, buttons 0->0, height 97442->98578, clicked 1
    ↳ load step 63: articles 1119->1133, gql 1108->1122, buttons 0->0, height 107627->109000, clicked 2
    ↳ load step 50: articles 992->1012, gql 981->1001, buttons 0->0, height 98578->100476, clicked 1
    ↳ load step 51: articles 1012->1022, gql 1001->1011, buttons 0->0, height 100476->101416, clicked 0
    ↳ load step 64: articles 1133->1145, gql 1122->1134, buttons 0->0, height 109000->110164, clicked 1
    ↳ load step 52: articles 1022->1034, gql 1011->1023, buttons 0->0, height 101416->102513, clicked 1
    ↳ load step 53: articles 1034->1044, gql 1023->1033, buttons 0->0, height 102513->103393, clicked 0
    ↳ load step 65: articles 1145->1170, gql 1134->1159, buttons 0->0, height 110164->112556, clicked 2
    ↳ load step 54: articles 1044->1057, gql 1033->1046, buttons 0->0, height 103393->104740, clicked 2
    ↳ load step 55: articles 1057->1067, gql 1046->1056, buttons 0->0, height 104740->105661, clicked 0
    ↳ load step 56: articles 1067->1107, gql 1056->1096, buttons 0->0, height 105661->109795, clicked 2
    ↳ load step 57: articles 1107->1129, gql 1096->1118, buttons 0->0, height 109795->112094, clicked 2
    ↳ load step 66: articles 1170->1218, gql 1159->1207, buttons 0->0, height 112556->117247, clicked 3
    ↳ load step 58: articles 1129->1141, gql 1118->1130, buttons 0->0, height 112094->113299, clicked 2
    ↳ load step 67: articles 1218->1229, gql 1207->1218, buttons 0->0, height 117247->118290, clicked 1
    ↳ load step 59: articles 1141->1155, gql 1130->1144, buttons 0->0, height 113299->114848, clicked 2
    ↳ load step 68: articles 1229->1243, gql 1218->1232, buttons 0->0, height 118290->119631, clicked 2
    ↳ load step 69: articles 1243->1253, gql 1232->1242, buttons 0->0, height 119631->120467, clicked 1
    ↳ load step 70: articles 1253->1253, gql 1242->1242, buttons 0->0, height 120467->120467, clicked 0
    ↳ load step 60: articles 1155->1191, gql 1144->1180, buttons 0->0, height 114848->118434, clicked 2
    ↳ load step 71: articles 1253->1253, gql 1242->1242, buttons 0->0, height 120467->120467, clicked 0
    ↳ load step 61: articles 1191->1195, gql 1180->1184, buttons 0->0, height 118434->118804, clicked 2
    ↳ load step 72: articles 1253->1253, gql 1242->1242, buttons 0->0, height 120467->120467, clicked 0
    ↳ load step 62: articles 1195->1195, gql 1184->1184, buttons 0->0, height 118804->118804, clicked 0
    ↳ load step 73: articles 1253->1253, gql 1242->1242, buttons 0->0, height 120467->120467, clicked 0
    ↳ load step 63: articles 1195->1195, gql 1184->1184, buttons 0->0, height 118804->118804, clicked 0
    ↳ load step 64: articles 1195->1195, gql 1184->1184, buttons 0->0, height 118804->118804, clicked 0
    [W2] → Thu thập được 1242 comments
[Priority recrawl] Tiến độ: 9/26464 (post 27650018088018141: done)
  [writer] Đã ghi 3560 comments → /Users/huongquadeo/Desktop/GraphQL Group/fb-group-crawler/data/6183167068463220/comments.csv
  [writer] Đã ghi 6 file comment theo post → /Users/huongquadeo/Desktop/GraphQL Group/fb-group-crawler/data/6183167068463220/comments

[Nhịp nghỉ] Đã crawl liên tục 30 phút, nghỉ 0 phút (tới 18:05:40)...


[Nhịp nghỉ] Nghỉ xong, crawl tiếp.

  [11/70] [W2] Post 27650012354685381 (1588 comments expected)
    ↳ load step 65: articles 1195->1195, gql 1184->1184, buttons 0->0, height 118804->118804, clicked 0
    → Bỏ qua đổi filter All comments để tránh lỗi unavailable
    [W1] → Thu thập được 1184 comments
[Priority recrawl] Tiến độ: 10/26464 (post 1726362142121706: done)
  [writer] Đã ghi 5907 comments → /Users/huongquadeo/Desktop/GraphQL Group/fb-group-crawler/data/939853694105892/comments.csv
  [writer] Đã ghi 222 file comment theo post → /Users/huongquadeo/Desktop/GraphQL Group/fb-group-crawler/data/939853694105892/comments
  [ERROR] crawlPostComments (27650012354685381): locator.all: Target page, context or browser has been closed
    [W2] Bỏ qua post 27650012354685381 vì lỗi load, chưa đánh dấu crawl xong
[Priority recrawl] Tiến độ: 11/26464 (post 27650012354685381: failed)
  [12/70] [W2] Post 2458872884611531 (1581 comments expected)
[Priority recrawl] FATAL browserContext.newPage: Protocol error (Target.createTarget): Failed to open a new tab
    at crawlPostComments (/Users/huongquadeo/Desktop/GraphQL Group/fb-group-crawler/phase2-comments.js:586:30)
    at worker (/Users/huongquadeo/Desktop/GraphQL Group/fb-group-crawler/phase2-comments.js:737:33)
    at async crawlComments (/Users/huongquadeo/Desktop/GraphQL Group/fb-group-crawler/phase2-comments.js:778:3)
    at async main (/Users/huongquadeo/Desktop/GraphQL Group/fb-group-crawler/scripts/priority-recrawl.js:230:7) {
  log: [],
  name: 'Error'
}
